<?xml version="1.0" encoding="UTF-8"?>
<!-- Generated by org.testng.reporters.JUnitReportReporter -->
<testsuite hostname="MSI" failures="0" tests="28" name="apps.rsa.BlogMenuPageTest" time="32.771" errors="2" timestamp="25 Jun 2022 03:50:57 GMT" skipped="24">
  <testcase classname="apps.rsa.BlogMenuPageTest" name="blogJavaMapInterface" time="6.775">
    <skipped/>
  </testcase> <!-- blogJavaMapInterface -->
  <testcase classname="apps.rsa.BlogMenuPageTest" name="blogPythonFunctionalAutomation" time="5.968">
    <skipped/>
  </testcase> <!-- blogPythonFunctionalAutomation -->
  <testcase classname="apps.rsa.BlogMenuPageTest" name="blogPythonExplicitWait" time="5.118">
    <skipped/>
  </testcase> <!-- blogPythonExplicitWait -->
  <testcase classname="apps.rsa.BlogMenuPageTest" name="blogAPIAndroidDebug" time="5.587"/>
  <testcase classname="apps.rsa.BlogMenuPageTest" name="blogJavaClassesObjects" time="0.000">
    <skipped/>
  </testcase> <!-- blogJavaClassesObjects -->
  <testcase classname="apps.rsa.BlogMenuPageTest" name="blogJavaException" time="0.000">
    <skipped/>
  </testcase> <!-- blogJavaException -->
  <testcase classname="apps.rsa.BlogMenuPageTest" name="blogPythonChromeOptions" time="0.000">
    <skipped/>
  </testcase> <!-- blogPythonChromeOptions -->
  <testcase classname="apps.rsa.BlogMenuPageTest" name="blogPythonWebElements" time="0.000">
    <skipped/>
  </testcase> <!-- blogPythonWebElements -->
  <testcase classname="apps.rsa.BlogMenuPageTest" name="blogJavaFramework" time="0.000">
    <skipped/>
  </testcase> <!-- blogJavaFramework -->
  <testcase classname="apps.rsa.BlogMenuPageTest" name="blogPythonPracticeProject" time="0.000">
    <skipped/>
  </testcase> <!-- blogPythonPracticeProject -->
  <testcase classname="apps.rsa.BlogMenuPageTest" name="afterEachTestMethod" time="0.026">
    <error message="unknown error: unexpected command response
  (Session info: chrome=103.0.5060.53)
Build info: version: &#039;4.1.4&#039;, revision: &#039;535d840ee2&#039;
System info: host: &#039;MSI&#039;, ip: &#039;192.168.2.14&#039;, os.name: &#039;Windows 10&#039;, os.arch: &#039;amd64&#039;, os.version: &#039;10.0&#039;, java.version: &#039;11.0.13&#039;
Driver info: org.openqa.selenium.chrome.ChromeDriver
Command: [03ef1f25c08c43311ff430c1c2e6dbe5, screenshot {}]
Capabilities {acceptInsecureCerts: false, browserName: chrome, browserVersion: 103.0.5060.53, chrome: {chromedriverVersion: 102.0.5005.61 (0e59bcc00cc4..., userDataDir: C:\Users\Tauhid\AppData\Loc...}, goog:chromeOptions: {debuggerAddress: localhost:53890}, javascriptEnabled: true, networkConnectionEnabled: false, pageLoadStrategy: normal, platform: WINDOWS, platformName: WINDOWS, proxy: Proxy(), se:cdp: ws://localhost:53890/devtoo..., se:cdpVersion: 103.0.5060.53, setWindowRect: true, strictFileInteractability: false, timeouts: {implicit: 0, pageLoad: 300000, script: 30000}, unhandledPromptBehavior: dismiss and notify, webauthn:extension:credBlob: true, webauthn:extension:largeBlob: true, webauthn:virtualAuthenticators: true}
Session ID: 03ef1f25c08c43311ff430c1c2e6dbe5" type="org.openqa.selenium.WebDriverException">
      <![CDATA[org.openqa.selenium.WebDriverException: unknown error: unexpected command response
  (Session info: chrome=103.0.5060.53)
Build info: version: '4.1.4', revision: '535d840ee2'
System info: host: 'MSI', ip: '192.168.2.14', os.name: 'Windows 10', os.arch: 'amd64', os.version: '10.0', java.version: '11.0.13'
Driver info: org.openqa.selenium.chrome.ChromeDriver
Command: [03ef1f25c08c43311ff430c1c2e6dbe5, screenshot {}]
Capabilities {acceptInsecureCerts: false, browserName: chrome, browserVersion: 103.0.5060.53, chrome: {chromedriverVersion: 102.0.5005.61 (0e59bcc00cc4..., userDataDir: C:\Users\Tauhid\AppData\Loc...}, goog:chromeOptions: {debuggerAddress: localhost:53890}, javascriptEnabled: true, networkConnectionEnabled: false, pageLoadStrategy: normal, platform: WINDOWS, platformName: WINDOWS, proxy: Proxy(), se:cdp: ws://localhost:53890/devtoo..., se:cdpVersion: 103.0.5060.53, setWindowRect: true, strictFileInteractability: false, timeouts: {implicit: 0, pageLoad: 300000, script: 30000}, unhandledPromptBehavior: dismiss and notify, webauthn:extension:credBlob: true, webauthn:extension:largeBlob: true, webauthn:virtualAuthenticators: true}
Session ID: 03ef1f25c08c43311ff430c1c2e6dbe5
at java.base/jdk.internal.reflect.NativeConstructorAccessorImpl.newInstance0(Native Method)
at java.base/jdk.internal.reflect.NativeConstructorAccessorImpl.newInstance(NativeConstructorAccessorImpl.java:62)
at java.base/jdk.internal.reflect.DelegatingConstructorAccessorImpl.newInstance(DelegatingConstructorAccessorImpl.java:45)
at java.base/java.lang.reflect.Constructor.newInstance(Constructor.java:490)
at org.openqa.selenium.remote.codec.w3c.W3CHttpResponseCodec.createException(W3CHttpResponseCodec.java:200)
at org.openqa.selenium.remote.codec.w3c.W3CHttpResponseCodec.decode(W3CHttpResponseCodec.java:133)
at org.openqa.selenium.remote.codec.w3c.W3CHttpResponseCodec.decode(W3CHttpResponseCodec.java:53)
at org.openqa.selenium.remote.HttpCommandExecutor.execute(HttpCommandExecutor.java:184)
at org.openqa.selenium.remote.service.DriverCommandExecutor.invokeExecute(DriverCommandExecutor.java:167)
at org.openqa.selenium.remote.service.DriverCommandExecutor.execute(DriverCommandExecutor.java:142)
at org.openqa.selenium.remote.RemoteWebDriver.execute(RemoteWebDriver.java:567)
at org.openqa.selenium.remote.RemoteWebDriver.execute(RemoteWebDriver.java:622)
at org.openqa.selenium.remote.RemoteWebDriver.execute(RemoteWebDriver.java:626)
at org.openqa.selenium.remote.RemoteWebDriver.getScreenshotAs(RemoteWebDriver.java:351)
at base.CommonAPI.takeScreenshot(CommonAPI.java:297)
at base.CommonAPI.afterEachTestMethod(CommonAPI.java:94)
at java.base/jdk.internal.reflect.NativeMethodAccessorImpl.invoke0(Native Method)
at java.base/jdk.internal.reflect.NativeMethodAccessorImpl.invoke(NativeMethodAccessorImpl.java:62)
at java.base/jdk.internal.reflect.DelegatingMethodAccessorImpl.invoke(DelegatingMethodAccessorImpl.java:43)
at java.base/java.lang.reflect.Method.invoke(Method.java:566)
at org.testng.internal.MethodInvocationHelper.invokeMethod(MethodInvocationHelper.java:124)
at org.testng.internal.MethodInvocationHelper.invokeMethodConsideringTimeout(MethodInvocationHelper.java:59)
at org.testng.internal.Invoker.invokeConfigurationMethod(Invoker.java:458)
at org.testng.internal.Invoker.invokeConfigurations(Invoker.java:222)
at org.testng.internal.Invoker.invokeMethod(Invoker.java:646)
at org.testng.internal.Invoker.invokeTestMethod(Invoker.java:719)
at org.testng.internal.Invoker.invokeTestMethods(Invoker.java:989)
at org.testng.internal.TestMethodWorker.invokeTestMethods(TestMethodWorker.java:125)
at org.testng.internal.TestMethodWorker.run(TestMethodWorker.java:109)
at org.testng.TestRunner.privateRun(TestRunner.java:648)
at org.testng.TestRunner.run(TestRunner.java:505)
at org.testng.SuiteRunner.runTest(SuiteRunner.java:455)
at org.testng.SuiteRunner.runSequentially(SuiteRunner.java:450)
at org.testng.SuiteRunner.privateRun(SuiteRunner.java:415)
at org.testng.SuiteRunner.run(SuiteRunner.java:364)
at org.testng.SuiteRunnerWorker.runSuite(SuiteRunnerWorker.java:52)
at org.testng.SuiteRunnerWorker.run(SuiteRunnerWorker.java:84)
at org.testng.TestNG.runSuitesSequentially(TestNG.java:1208)
at org.testng.TestNG.runSuitesLocally(TestNG.java:1137)
at org.testng.TestNG.runSuites(TestNG.java:1049)
at org.testng.TestNG.run(TestNG.java:1017)
at org.apache.maven.surefire.testng.TestNGExecutor.run(TestNGExecutor.java:283)
at org.apache.maven.surefire.testng.TestNGXmlTestSuite.execute(TestNGXmlTestSuite.java:75)
at org.apache.maven.surefire.testng.TestNGProvider.invoke(TestNGProvider.java:120)
at org.apache.maven.surefire.booter.ForkedBooter.invokeProviderInSameClassLoader(ForkedBooter.java:384)
at org.apache.maven.surefire.booter.ForkedBooter.runSuitesInProcess(ForkedBooter.java:345)
at org.apache.maven.surefire.booter.ForkedBooter.execute(ForkedBooter.java:126)
at org.apache.maven.surefire.booter.ForkedBooter.main(ForkedBooter.java:418)
]]>
    </error>
  </testcase> <!-- afterEachTestMethod -->
  <testcase classname="apps.rsa.BlogMenuPageTest" name="blogAPIUIAutomator" time="0.000">
    <skipped/>
  </testcase> <!-- blogAPIUIAutomator -->
  <testcase classname="apps.rsa.BlogMenuPageTest" name="blogPythonReadWrite" time="0.000">
    <skipped/>
  </testcase> <!-- blogPythonReadWrite -->
  <testcase classname="apps.rsa.BlogMenuPageTest" name="blogPythonLogging" time="0.000">
    <skipped/>
  </testcase> <!-- blogPythonLogging -->
  <testcase classname="apps.rsa.BlogMenuPageTest" name="blogPythonPytest" time="0.000">
    <skipped/>
  </testcase> <!-- blogPythonPytest -->
  <testcase classname="apps.rsa.BlogMenuPageTest" name="blogPythonRobustAutomation" time="0.000">
    <skipped/>
  </testcase> <!-- blogPythonRobustAutomation -->
  <testcase classname="apps.rsa.BlogMenuPageTest" name="blogAPISetupInstallation" time="0.000">
    <skipped/>
  </testcase> <!-- blogAPISetupInstallation -->
  <testcase classname="apps.rsa.BlogMenuPageTest" name="blogJavaFund" time="0.000">
    <skipped/>
  </testcase> <!-- blogJavaFund -->
  <testcase classname="apps.rsa.BlogMenuPageTest" name="blogAPIGetStarted" time="4.921"/>
  <testcase classname="apps.rsa.BlogMenuPageTest" name="blogPythonAutomateHTML" time="0.000">
    <skipped/>
  </testcase> <!-- blogPythonAutomateHTML -->
  <testcase classname="apps.rsa.BlogMenuPageTest" name="blogPythonImplcitWait" time="0.000">
    <skipped/>
  </testcase> <!-- blogPythonImplcitWait -->
  <testcase classname="apps.rsa.BlogMenuPageTest" name="blogJavaOOPSModifiers" time="0.000">
    <skipped/>
  </testcase> <!-- blogJavaOOPSModifiers -->
  <testcase classname="apps.rsa.BlogMenuPageTest" name="blogPythonAdvancedUserInteraction" time="0.000">
    <skipped/>
  </testcase> <!-- blogPythonAdvancedUserInteraction -->
  <testcase classname="apps.rsa.BlogMenuPageTest" name="blogJavaSetInterface" time="0.000">
    <skipped/>
  </testcase> <!-- blogJavaSetInterface -->
  <testcase classname="apps.rsa.BlogMenuPageTest" name="blogJavaListInterface" time="0.000">
    <skipped/>
  </testcase> <!-- blogJavaListInterface -->
  <testcase classname="apps.rsa.BlogMenuPageTest" name="blogPythonDifferentBrowsers" time="0.000">
    <skipped/>
  </testcase> <!-- blogPythonDifferentBrowsers -->
  <testcase classname="apps.rsa.BlogMenuPageTest" name="blogJavaQueue" time="0.000">
    <skipped/>
  </testcase> <!-- blogJavaQueue -->
  <testcase classname="apps.rsa.BlogMenuPageTest" name="blogAPINativeApps" time="4.376">
    <error message="unknown error: unexpected command response
  (Session info: chrome=103.0.5060.53)
Build info: version: &#039;4.1.4&#039;, revision: &#039;535d840ee2&#039;
System info: host: &#039;MSI&#039;, ip: &#039;192.168.2.14&#039;, os.name: &#039;Windows 10&#039;, os.arch: &#039;amd64&#039;, os.version: &#039;10.0&#039;, java.version: &#039;11.0.13&#039;
Driver info: org.openqa.selenium.chrome.ChromeDriver
Command: [03ef1f25c08c43311ff430c1c2e6dbe5, clickElement {id=f03d25a4-5684-44e3-acb2-8b8a38309ee3}]
Capabilities {acceptInsecureCerts: false, browserName: chrome, browserVersion: 103.0.5060.53, chrome: {chromedriverVersion: 102.0.5005.61 (0e59bcc00cc4..., userDataDir: C:\Users\Tauhid\AppData\Loc...}, goog:chromeOptions: {debuggerAddress: localhost:53890}, javascriptEnabled: true, networkConnectionEnabled: false, pageLoadStrategy: normal, platform: WINDOWS, platformName: WINDOWS, proxy: Proxy(), se:cdp: ws://localhost:53890/devtoo..., se:cdpVersion: 103.0.5060.53, setWindowRect: true, strictFileInteractability: false, timeouts: {implicit: 0, pageLoad: 300000, script: 30000}, unhandledPromptBehavior: dismiss and notify, webauthn:extension:credBlob: true, webauthn:extension:largeBlob: true, webauthn:virtualAuthenticators: true}
Element: [[ChromeDriver: chrome on WINDOWS (03ef1f25c08c43311ff430c1c2e6dbe5)] -&gt; xpath: //*[@id=&quot;menu-item-1162&quot;]/a]
Session ID: 03ef1f25c08c43311ff430c1c2e6dbe5" type="org.openqa.selenium.WebDriverException">
      <![CDATA[org.openqa.selenium.WebDriverException: unknown error: unexpected command response
  (Session info: chrome=103.0.5060.53)
Build info: version: '4.1.4', revision: '535d840ee2'
System info: host: 'MSI', ip: '192.168.2.14', os.name: 'Windows 10', os.arch: 'amd64', os.version: '10.0', java.version: '11.0.13'
Driver info: org.openqa.selenium.chrome.ChromeDriver
Command: [03ef1f25c08c43311ff430c1c2e6dbe5, clickElement {id=f03d25a4-5684-44e3-acb2-8b8a38309ee3}]
Capabilities {acceptInsecureCerts: false, browserName: chrome, browserVersion: 103.0.5060.53, chrome: {chromedriverVersion: 102.0.5005.61 (0e59bcc00cc4..., userDataDir: C:\Users\Tauhid\AppData\Loc...}, goog:chromeOptions: {debuggerAddress: localhost:53890}, javascriptEnabled: true, networkConnectionEnabled: false, pageLoadStrategy: normal, platform: WINDOWS, platformName: WINDOWS, proxy: Proxy(), se:cdp: ws://localhost:53890/devtoo..., se:cdpVersion: 103.0.5060.53, setWindowRect: true, strictFileInteractability: false, timeouts: {implicit: 0, pageLoad: 300000, script: 30000}, unhandledPromptBehavior: dismiss and notify, webauthn:extension:credBlob: true, webauthn:extension:largeBlob: true, webauthn:virtualAuthenticators: true}
Element: [[ChromeDriver: chrome on WINDOWS (03ef1f25c08c43311ff430c1c2e6dbe5)] -> xpath: //*[@id="menu-item-1162"]/a]
Session ID: 03ef1f25c08c43311ff430c1c2e6dbe5
at java.base/jdk.internal.reflect.NativeConstructorAccessorImpl.newInstance0(Native Method)
at java.base/jdk.internal.reflect.NativeConstructorAccessorImpl.newInstance(NativeConstructorAccessorImpl.java:62)
at java.base/jdk.internal.reflect.DelegatingConstructorAccessorImpl.newInstance(DelegatingConstructorAccessorImpl.java:45)
at java.base/java.lang.reflect.Constructor.newInstance(Constructor.java:490)
at org.openqa.selenium.remote.codec.w3c.W3CHttpResponseCodec.createException(W3CHttpResponseCodec.java:200)
at org.openqa.selenium.remote.codec.w3c.W3CHttpResponseCodec.decode(W3CHttpResponseCodec.java:133)
at org.openqa.selenium.remote.codec.w3c.W3CHttpResponseCodec.decode(W3CHttpResponseCodec.java:53)
at org.openqa.selenium.remote.HttpCommandExecutor.execute(HttpCommandExecutor.java:184)
at org.openqa.selenium.remote.service.DriverCommandExecutor.invokeExecute(DriverCommandExecutor.java:167)
at org.openqa.selenium.remote.service.DriverCommandExecutor.execute(DriverCommandExecutor.java:142)
at org.openqa.selenium.remote.RemoteWebDriver.execute(RemoteWebDriver.java:567)
at org.openqa.selenium.remote.RemoteWebElement.execute(RemoteWebElement.java:251)
at org.openqa.selenium.remote.RemoteWebElement.click(RemoteWebElement.java:77)
at java.base/jdk.internal.reflect.NativeMethodAccessorImpl.invoke0(Native Method)
at java.base/jdk.internal.reflect.NativeMethodAccessorImpl.invoke(NativeMethodAccessorImpl.java:62)
at java.base/jdk.internal.reflect.DelegatingMethodAccessorImpl.invoke(DelegatingMethodAccessorImpl.java:43)
at java.base/java.lang.reflect.Method.invoke(Method.java:566)
at org.openqa.selenium.support.pagefactory.internal.LocatingElementHandler.invoke(LocatingElementHandler.java:52)
at com.sun.proxy.$Proxy17.click(Unknown Source)
at base.CommonAPI.click(CommonAPI.java:194)
at pages.rsa.BlogMenuPage.blogAppiumbtn(BlogMenuPage.java:125)
at apps.rsa.BlogMenuPageTest.blogAPINativeApps(BlogMenuPageTest.java:60)
at java.base/jdk.internal.reflect.NativeMethodAccessorImpl.invoke0(Native Method)
at java.base/jdk.internal.reflect.NativeMethodAccessorImpl.invoke(NativeMethodAccessorImpl.java:62)
at java.base/jdk.internal.reflect.DelegatingMethodAccessorImpl.invoke(DelegatingMethodAccessorImpl.java:43)
at java.base/java.lang.reflect.Method.invoke(Method.java:566)
at org.testng.internal.MethodInvocationHelper.invokeMethod(MethodInvocationHelper.java:124)
at org.testng.internal.Invoker.invokeMethod(Invoker.java:583)
at org.testng.internal.Invoker.invokeTestMethod(Invoker.java:719)
at org.testng.internal.Invoker.invokeTestMethods(Invoker.java:989)
at org.testng.internal.TestMethodWorker.invokeTestMethods(TestMethodWorker.java:125)
at org.testng.internal.TestMethodWorker.run(TestMethodWorker.java:109)
at org.testng.TestRunner.privateRun(TestRunner.java:648)
at org.testng.TestRunner.run(TestRunner.java:505)
at org.testng.SuiteRunner.runTest(SuiteRunner.java:455)
at org.testng.SuiteRunner.runSequentially(SuiteRunner.java:450)
at org.testng.SuiteRunner.privateRun(SuiteRunner.java:415)
at org.testng.SuiteRunner.run(SuiteRunner.java:364)
at org.testng.SuiteRunnerWorker.runSuite(SuiteRunnerWorker.java:52)
at org.testng.SuiteRunnerWorker.run(SuiteRunnerWorker.java:84)
at org.testng.TestNG.runSuitesSequentially(TestNG.java:1208)
at org.testng.TestNG.runSuitesLocally(TestNG.java:1137)
at org.testng.TestNG.runSuites(TestNG.java:1049)
at org.testng.TestNG.run(TestNG.java:1017)
at org.apache.maven.surefire.testng.TestNGExecutor.run(TestNGExecutor.java:283)
at org.apache.maven.surefire.testng.TestNGXmlTestSuite.execute(TestNGXmlTestSuite.java:75)
at org.apache.maven.surefire.testng.TestNGProvider.invoke(TestNGProvider.java:120)
at org.apache.maven.surefire.booter.ForkedBooter.invokeProviderInSameClassLoader(ForkedBooter.java:384)
at org.apache.maven.surefire.booter.ForkedBooter.runSuitesInProcess(ForkedBooter.java:345)
at org.apache.maven.surefire.booter.ForkedBooter.execute(ForkedBooter.java:126)
at org.apache.maven.surefire.booter.ForkedBooter.main(ForkedBooter.java:418)
]]>
    </error>
  </testcase> <!-- blogAPINativeApps -->
</testsuite> <!-- apps.rsa.BlogMenuPageTest -->
